[15:02:18] [ServerMain/INFO]: Environment: authHost='https://authserver.mojang.com', accountsHost='https://api.mojang.com', sessionHost='https://sessionserver.mojang.com', servicesHost='https://api.minecraftservices.com', name='PROD'
[15:02:18] [ServerMain/INFO]: Found new data pack file/bukkit, loading it automatically
[15:02:21] [ServerMain/INFO]: Loaded 7 recipes
[15:02:22] [Server thread/INFO]: Starting minecraft server version 1.20.1
[15:02:22] [Server thread/WARN]: ****************************
[15:02:22] [Server thread/WARN]: YOU ARE RUNNING THIS SERVER AS AN ADMINISTRATIVE OR ROOT USER. THIS IS NOT ADVISED.
[15:02:22] [Server thread/WARN]: YOU ARE OPENING YOURSELF UP TO POTENTIAL RISKS WHEN DOING THIS.
[15:02:22] [Server thread/WARN]: FOR MORE INFORMATION, SEE https://madelinemiller.dev/blog/root-minecraft-server/
[15:02:22] [Server thread/WARN]: ****************************
[15:02:22] [Server thread/INFO]: Loading properties
[15:02:22] [Server thread/INFO]: This server is running Paper version git-Paper-196 (MC: 1.20.1) (Implementing API version 1.20.1-R0.1-SNAPSHOT) (Git: 773dd72)
[15:02:23] [Server thread/INFO]: Server Ping Player Sample Count: 12
[15:02:23] [Server thread/INFO]: Using 4 threads for Netty based IO
[15:02:23] [Server thread/WARN]: [!] The timings profiler has been enabled but has been scheduled for removal from Paper in the future.
    We recommend installing the spark profiler as a replacement: https://spark.lucko.me/
    For more information please visit: https://github.com/PaperMC/Paper/issues/8948
[15:02:24] [Server thread/INFO]: [ChunkTaskScheduler] Chunk system is using 1 I/O threads, 1 worker threads, and gen parallelism of 1 threads
[15:02:24] [Server thread/INFO]: Default game type: SURVIVAL
[15:02:24] [Server thread/INFO]: Generating keypair
[15:02:24] [Server thread/INFO]: Starting Minecraft server on *:25565
[15:02:24] [Server thread/INFO]: Using default channel type
[15:02:24] [Server thread/INFO]: Paper: Using Java compression from Velocity.
[15:02:24] [Server thread/INFO]: Paper: Using Java cipher from Velocity.
[15:02:25] [Server thread/INFO]: [eco] Initializing eco
[15:02:25] [Server thread/WARN]: [org.bukkit.craftbukkit.v1_20_R1.legacy.CraftLegacy] Initializing Legacy Material Support. Unless you have legacy plugins and/or data this is a bug!
[15:02:31] [Server thread/WARN]: Legacy plugin SimpleTpa v6.4 does not specify an api-version.
[15:02:31] [Server thread/INFO]: [EcoShop] Initializing EcoShop
[15:02:36] [Server thread/INFO]: [Vault] Loading server plugin Vault v1.7.3-b131
[15:02:36] [Server thread/INFO]: [Essentials] Loading server plugin Essentials v2.20.1
[15:02:36] [Server thread/INFO]: [AureliumSkills] Loading server plugin AureliumSkills vBeta 1.3.23
[15:02:36] [Server thread/INFO]: [eco] Loading server plugin eco v6.65.6
[15:02:36] [Server thread/INFO]: [BetterRTP] Loading server plugin BetterRTP v3.6.11
[15:02:36] [Server thread/INFO]: [AdvancedEnchantments] Loading server plugin AdvancedEnchantments v9.4.7
[15:02:36] [Server thread/INFO]: [spark] Loading server plugin spark v1.10.55
[15:02:36] [Server thread/INFO]: [SimpleTpa] Loading server plugin SimpleTpa v6.4
[15:02:36] [Server thread/INFO]: [SilkSpawners] Loading server plugin SilkSpawners v7.5.0
[15:02:36] [Server thread/INFO]: [EcoShop] Loading server plugin EcoShop v1.1.5
[15:02:36] [Server thread/INFO]: [DeluxeCombat] Loading server plugin DeluxeCombat v1.50.4
[15:02:36] [Server thread/INFO]: Server permissions file permissions.yml is empty, ignoring it
[15:02:36] [Server thread/INFO]: [Vault] Enabling Vault v1.7.3-b131
[15:02:36] [Server thread/INFO]: [Vault] [Economy] Essentials Economy found: Waiting
[15:02:36] [Server thread/INFO]: [Vault] [Permission] SuperPermissions loaded as backup permission system.
[15:02:36] [Server thread/INFO]: [Vault] Enabled Version 1.7.3-b131
[15:02:36] [Server thread/INFO]: [eco] Enabling eco v6.65.6
[15:02:36] [Server thread/INFO]: [eco] Loading eco
[15:02:36] [Server thread/INFO]: [eco] Loaded integrations: DeluxeCombat, Essentials, Vault
[15:02:37] [Server thread/INFO]: [eco] Scanning for conflicts...
[15:02:37] [Server thread/INFO]: [eco] No conflicts found!
[15:02:37] [Server thread/WARN]: **** SERVER IS RUNNING IN OFFLINE/INSECURE MODE!
[15:02:37] [Server thread/WARN]: The server will make no attempt to authenticate usernames. Beware.
[15:02:37] [Server thread/WARN]: While this makes the game possible to play without internet access, it also opens up the ability for hackers to connect with any username they choose.
[15:02:37] [Server thread/WARN]: To change this, set "online-mode" to "true" in the server.properties file.
[15:02:37] [Server thread/INFO]: Preparing level "world"
[15:02:43] [Yggdrasil Key Fetcher/ERROR]: Failed to request yggdrasil public key
com.mojang.authlib.exceptions.AuthenticationUnavailableException: Cannot contact authentication server
	at com.mojang.authlib.yggdrasil.YggdrasilAuthenticationService.makeRequest(YggdrasilAuthenticationService.java:119) ~[authlib-4.0.43.jar:?]
	at com.mojang.authlib.yggdrasil.YggdrasilAuthenticationService.makeRequest(YggdrasilAuthenticationService.java:91) ~[authlib-4.0.43.jar:?]
	at com.mojang.authlib.yggdrasil.YggdrasilServicesKeyInfo.fetch(YggdrasilServicesKeyInfo.java:94) ~[authlib-4.0.43.jar:?]
	at com.mojang.authlib.yggdrasil.YggdrasilServicesKeyInfo.lambda$get$1(YggdrasilServicesKeyInfo.java:81) ~[authlib-4.0.43.jar:?]
	at java.util.concurrent.Executors$RunnableAdapter.call(Executors.java:539) ~[?:?]
	at java.util.concurrent.FutureTask.runAndReset(FutureTask.java:305) ~[?:?]
	at java.util.concurrent.ScheduledThreadPoolExecutor$ScheduledFutureTask.run(ScheduledThreadPoolExecutor.java:305) ~[?:?]
	at java.util.concurrent.ThreadPoolExecutor.runWorker(ThreadPoolExecutor.java:1136) ~[?:?]
	at java.util.concurrent.ThreadPoolExecutor$Worker.run(ThreadPoolExecutor.java:635) ~[?:?]
	at java.lang.Thread.run(Thread.java:833) ~[?:?]
Caused by: java.net.SocketTimeoutException: Connect timed out
	at sun.nio.ch.NioSocketImpl.timedFinishConnect(NioSocketImpl.java:546) ~[?:?]
	at sun.nio.ch.NioSocketImpl.connect(NioSocketImpl.java:597) ~[?:?]
	at java.net.SocksSocketImpl.connect(SocksSocketImpl.java:327) ~[?:?]
	at java.net.Socket.connect(Socket.java:633) ~[?:?]
	at sun.security.ssl.SSLSocketImpl.connect(SSLSocketImpl.java:304) ~[?:?]
	at sun.net.NetworkClient.doConnect(NetworkClient.java:178) ~[?:?]
	at sun.net.www.http.HttpClient.openServer(HttpClient.java:534) ~[?:?]
	at sun.net.www.http.HttpClient.openServer(HttpClient.java:639) ~[?:?]
	at sun.net.www.protocol.https.HttpsClient.<init>(HttpsClient.java:266) ~[?:?]
	at sun.net.www.protocol.https.HttpsClient.New(HttpsClient.java:380) ~[?:?]
	at sun.net.www.protocol.https.AbstractDelegateHttpsURLConnection.getNewHttpClient(AbstractDelegateHttpsURLConnection.java:193) ~[?:?]
	at sun.net.www.protocol.http.HttpURLConnection.plainConnect0(HttpURLConnection.java:1287) ~[?:?]
	at sun.net.www.protocol.http.HttpURLConnection.plainConnect(HttpURLConnection.java:1128) ~[?:?]
	at sun.net.www.protocol.https.AbstractDelegateHttpsURLConnection.connect(AbstractDelegateHttpsURLConnection.java:179) ~[?:?]
	at sun.net.www.protocol.http.HttpURLConnection.getInputStream0(HttpURLConnection.java:1665) ~[?:?]
	at sun.net.www.protocol.http.HttpURLConnection.getInputStream(HttpURLConnection.java:1589) ~[?:?]
	at sun.net.www.protocol.https.HttpsURLConnectionImpl.getInputStream(HttpsURLConnectionImpl.java:224) ~[?:?]
	at com.mojang.authlib.HttpAuthenticationService.performGetRequest(HttpAuthenticationService.java:140) ~[authlib-4.0.43.jar:?]
	at com.mojang.authlib.yggdrasil.YggdrasilAuthenticationService.makeRequest(YggdrasilAuthenticationService.java:96) ~[authlib-4.0.43.jar:?]
	... 9 more
[15:02:54] [Server thread/INFO]: Preparing start region for dimension minecraft:overworld
[15:02:54] [Server thread/INFO]: Time elapsed: 205 ms
[15:02:54] [Server thread/INFO]: Preparing start region for dimension minecraft:the_nether
[15:02:54] [Server thread/INFO]: Time elapsed: 114 ms
[15:02:54] [Server thread/INFO]: Preparing start region for dimension minecraft:the_end
[15:02:55] [Server thread/INFO]: Time elapsed: 137 ms
[15:02:55] [Server thread/INFO]: [Essentials] Enabling Essentials v2.20.1
[15:02:55] [Server thread/INFO]: [Essentials] Attempting to convert old kits in config.yml to new kits.yml
[15:02:55] [Server thread/INFO]: [Essentials] No kits found to migrate.
[15:02:55] [Server thread/INFO]: [Essentials] Loaded 39094 items from items.json.
[15:02:55] [Server thread/INFO]: [Essentials] Using locale ru_RU
[15:02:56] [Server thread/INFO]: [Essentials] ServerListPingEvent: Spigot iterator API
[15:02:56] [Server thread/INFO]: [Essentials] Starting Metrics. Opt-out using the global bStats config.
[15:02:56] [Server thread/INFO]: [Vault] [Economy] Essentials Economy hooked.
[15:02:56] [Server thread/INFO]: [Essentials] Using config file enhanced permissions.
[15:02:56] [Server thread/INFO]: [Essentials] Permissions listed in as player-commands will be given to all users.
[15:02:56] [Server thread/INFO]: [AureliumSkills] Enabling AureliumSkills vBeta 1.3.23
[15:02:56] [Server thread/INFO]: [AureliumSkills] Vault Support Enabled!
[15:02:56] [Server thread/INFO]: [AureliumSkills] Loaded 194 config options in 1 ms
[15:02:56] [Server thread/INFO]: [AureliumSkills] Loaded 312 sources and 10 tags in 35ms
[15:02:56] [Server thread/INFO]: [AureliumSkills] [ACF] Enabled Asynchronous Tab Completion Support!
[15:02:56] [Server thread/INFO]: [AureliumSkills] Loading languages...
[15:03:00] [Server thread/INFO]: [AureliumSkills] Loaded 17 languages in 3552ms
[15:03:00] [Server thread/INFO]: [AureliumSkills] Loaded 30 pattern rewards and 0 level rewards
[15:03:00] [Server thread/INFO]: [AureliumSkills] Loaded 78 Ability Options in 6ms
[15:03:01] [Server thread/INFO]: [AureliumSkills] Loaded 6 menus
[15:03:01] [Server thread/INFO]: [AureliumSkills] Loaded 32 loot entries in 4 pools and 2 tables
[15:03:01] [Server thread/INFO]: [AureliumSkills] Loaded 3 blocked worlds.
[15:03:01] [Server thread/INFO]: [AureliumSkills] Aurelium Skills has been enabled
[15:03:01] [Server thread/INFO]: [NBTAPI] [NBTAPI] Found Spigot: v1_20_R1! Trying to find NMS support
[15:03:01] [Server thread/INFO]: [NBTAPI] [NBTAPI] NMS support 'MC1_20_R1' loaded!
[15:03:01] [Server thread/INFO]: [NBTAPI] [NBTAPI] Using the plugin 'AureliumSkills' to create a bStats instance!
[15:03:01] [Server thread/INFO]: [BetterRTP] Enabling BetterRTP v3.6.11
[15:03:02] [Server thread/INFO]: [BetterRTP] Cooldown = 600
[15:03:02] [Server thread/INFO]: [AdvancedEnchantments] Enabling AdvancedEnchantments v9.4.7
[15:03:04] [Server thread/INFO]: [AdvancedEnchantments] Successfully hooked into AureliumSkills.
[15:03:04] [Server thread/INFO]: [AdvancedEnchantments] Successfully hooked into Essentials.
[15:03:04] [Server thread/INFO]: [AdvancedEnchantments] Loaded 7 armor sets.
[15:03:04] [Server thread/INFO]: [AdvancedEnchantments] Loaded 5 weapons.
[15:03:05] [Server thread/INFO]: [AdvancedEnchantments] Successfully hooked into economy plugin (Vault)
[15:03:06] [Server thread/INFO]: [spark] Enabling spark v1.10.55
[15:03:06] [Server thread/INFO]: [spark] Using Paper ServerTickStartEvent for tick monitoring
[15:03:06] [Server thread/INFO]: [spark] Starting background profiler...
[15:03:06] [Server thread/INFO]: [spark] The async-profiler engine is not supported for your os/arch (windows10/amd64), so the built-in Java engine will be used instead.
[15:03:06] [Server thread/INFO]: [SimpleTpa] Enabling SimpleTpa v6.4*
[15:03:06] [Server thread/INFO]: [SimpleTpa] If you need support contact me at https://discord.gg/SZUkza9
[15:03:06] [Server thread/INFO]: [SimpleTpa] Simple Tpa has been enabled on version 6.4
[15:03:06] [Server thread/INFO]: Enabled metrics. You may opt-out by changing plugins/bStats/config.yml
[15:03:06] [Server thread/INFO]: [SilkSpawners] Enabling SilkSpawners v7.5.0
[15:03:06] [Server thread/INFO]: [SilkSpawners] WorldGuard was not found and support is disabled
[15:03:07] [Server thread/INFO]: [SilkSpawners] Loading support for v1_20_R1
[15:03:07] [Server thread/INFO]: [SilkSpawners] AutoUpdater is enabled and now running.
[15:03:07] [Server thread/INFO]: [SilkSpawners] BarAPI is disabled due to config setting.
[15:03:07] [Server thread/INFO]: [EcoShop] Enabling EcoShop v1.1.5
[15:03:07] [Server thread/INFO]: [EcoShop] Loading EcoShop
[15:03:07] [Server thread/INFO]: [DeluxeCombat] Enabling DeluxeCombat v1.50.4
[15:03:17] [Server thread/INFO]: [DeluxeCombat]  _____        _                   ______            _                
[15:03:17] [Server thread/INFO]: [DeluxeCombat] (____ \      | |                 / _____)          | |          _    
[15:03:17] [Server thread/INFO]: [DeluxeCombat]  _   \ \ ____| |_   _ _   _ ____| /      ___  ____ | | _   ____| |_  
[15:03:17] [Server thread/INFO]: [DeluxeCombat] | |   | / _  ) | | | ( \ / ) _  ) |     / _ \|    \| || \ / _  |  _) 
[15:03:17] [Server thread/INFO]: [DeluxeCombat] | |__/ ( (/ /| | |_| |) X ( (/ /| \____| |_| | | | | |_) | ( | | |__ 
[15:03:17] [Server thread/INFO]: [DeluxeCombat] |_____/ \____)_|\____(_/ \_)____)\______)___/|_|_|_|____/ \_||_|\___)
[15:03:17] [Server thread/INFO]: [DeluxeCombat] 
[15:03:17] [Server thread/INFO]: [DeluxeCombat] Hook AdvancedEnchantments (8.0.0b29, Item Hook) has been registered.
[15:03:17] [Server thread/INFO]: [DeluxeCombat] Hook BetterRTP (3.2.1-3, Common Hook) has been registered.
[15:03:18] [Server thread/INFO]: [DeluxeCombat] Hook Vault (1.7.3, Common Hook) has been registered.
[15:03:18] [Server thread/INFO]: [NBTAPI] [NBTAPI] Found Spigot: v1_20_R1! Trying to find NMS support
[15:03:18] [Server thread/INFO]: [NBTAPI] [NBTAPI] NMS support 'MC1_20_R1' loaded!
[15:03:18] [Server thread/INFO]: [NBTAPI] [NBTAPI] Using the plugin 'DeluxeCombat' to create a bStats instance!
[15:03:18] [Server thread/INFO]: [DeluxeCombat] Spawnpoints (0), Kill-Streaks (1), Rewards (2), Custom Tools (1) loaded!
[15:03:18] [Server thread/INFO]: [DeluxeCombat] Start fetching marketplace addons...
[15:03:19] [Server thread/INFO]: Running delayed init tasks
[15:03:19] [Server thread/INFO]: [Essentials] Essentials found a compatible payment resolution method: Vault Compatibility Layer (v1.7.3-b131)!
[15:03:19] [Craft Scheduler Thread - 5 - Essentials/INFO]: [Essentials] Получение информации о версии...
[15:03:19] [Craft Scheduler Thread - 20 - Vault/INFO]: [Vault] Checking for Updates ... 
[15:03:23] [Craft Scheduler Thread - 19 - DeluxeCombat/INFO]: [DeluxeCombat] Successfully fetched 7 marketplace items from the internet!
[15:03:23] [Server thread/INFO]: Done (60.858s)! For help, type "help"
[15:03:23] [Server thread/INFO]: Timings Reset
[15:03:23] [Server thread/INFO]: [eco] Loaded eco
[15:03:24] [Craft Scheduler Thread - 13 - EcoShop/WARN]: [EcoShop] EcoShop is out of date! (Version 1.1.5)
[15:03:24] [Craft Scheduler Thread - 13 - EcoShop/WARN]: [EcoShop] The newest version is 1.3.0
[15:03:24] [Craft Scheduler Thread - 13 - EcoShop/WARN]: [EcoShop] Download the new version!
[15:03:24] [Craft Scheduler Thread - 20 - Vault/INFO]: [Vault] No new version available
[15:03:26] [Server thread/INFO]: [EcoShop] Loaded EcoShop
[15:03:26] [Server thread/INFO]: [SilkSpawners] Result from AutoUpdater is: NO_UPDATE
[15:03:26] [Server thread/WARN]: Can't keep up! Is the server overloaded? Running 7016ms or 140 ticks behind
[15:03:26] [Server thread/INFO]: [AdvancedEnchantments] Successfully hooked into AureliumSkills, AdvancedEnchantments.
[15:03:27] [Craft Scheduler Thread - 9 - DeluxeCombat/INFO]: [DeluxeCombat] Checking for new updates...
[15:03:27] [Craft Scheduler Thread - 9 - DeluxeCombat/INFO]: [DeluxeCombat] You're running the newest version of DeluxeCombat
[15:03:32] [Server thread/INFO]: [DeluxeCombat] Hooked into AdvancedEnchantments, BetterRTP, Vault and Vault.
